<?xml version="1.0" encoding="UTF-8"?>
<!-- Generated by org.testng.reporters.JUnitReportReporter -->
<testsuite hostname="LAPTOP-UNVJLEE0" failures="0" tests="1" name="rahulshettyacademy.ExtentReports.ExtentReportDemo" time="7.560" errors="0" timestamp="2021-07-22T18:04:36 IST" skipped="0">
  <testcase classname="rahulshettyacademy.ExtentReports.ExtentReportDemo" name="initialDemo" time="7.560"/>
  <system-out/>
</testsuite> <!-- rahulshettyacademy.ExtentReports.ExtentReportDemo -->
