<?xml version="1.0" encoding="UTF-8"?>
<!-- Generated by org.testng.reporters.JUnitReportReporter -->
<testsuite skipped="0" hostname="LAPTOP-UNVJLEE0" name="rahulshettyacademy.ExtentReports.ExtentReportDemoTest" tests="1" failures="0" timestamp="2021-07-26T11:00:40 IST" time="5.487" errors="0">
  <testcase name="initialDemo" time="5.487" classname="rahulshettyacademy.ExtentReports.ExtentReportDemoTest"/>
  <system-out/>
</testsuite> <!-- rahulshettyacademy.ExtentReports.ExtentReportDemoTest -->
